0 info it worked if it ends with ok
1 verbose cli [ '/Users/hipertracker/.nvm/versions/io.js/v1.4.3/bin/iojs',
1 verbose cli   '/Users/hipertracker/.nvm/versions/io.js/v1.4.3/bin/npm',
1 verbose cli   'install',
1 verbose cli   'github:g00fy-/jspm-jsx-babel' ]
2 info using npm@2.6.1
3 info using node@v1.4.3
4 warn package.json @ No repository field.
5 verbose stack Error: Unsupported URL Type: github:g00fy-/jspm-jsx-babel
5 verbose stack     at parseUrl (/Users/hipertracker/.nvm/versions/io.js/v1.4.3/lib/node_modules/npm/node_modules/npm-package-arg/npa.js:173:13)
5 verbose stack     at npa (/Users/hipertracker/.nvm/versions/io.js/v1.4.3/lib/node_modules/npm/node_modules/npm-package-arg/npa.js:74:12)
5 verbose stack     at resolver (/Users/hipertracker/.nvm/versions/io.js/v1.4.3/lib/node_modules/npm/lib/install.js:762:42)
5 verbose stack     at /Users/hipertracker/.nvm/versions/io.js/v1.4.3/lib/node_modules/npm/node_modules/slide/lib/async-map.js:52:35
5 verbose stack     at Array.forEach (native)
5 verbose stack     at /Users/hipertracker/.nvm/versions/io.js/v1.4.3/lib/node_modules/npm/node_modules/slide/lib/async-map.js:52:11
5 verbose stack     at Array.forEach (native)
5 verbose stack     at asyncMap (/Users/hipertracker/.nvm/versions/io.js/v1.4.3/lib/node_modules/npm/node_modules/slide/lib/async-map.js:51:8)
5 verbose stack     at /Users/hipertracker/.nvm/versions/io.js/v1.4.3/lib/node_modules/npm/lib/install.js:661:5
5 verbose stack     at /Users/hipertracker/.nvm/versions/io.js/v1.4.3/lib/node_modules/npm/lib/install.js:330:22
6 verbose cwd /Users/hipertracker/Documents/MOJE/projekty/github.com/jspm-jsx-issue
7 error Darwin 14.3.0
8 error argv "/Users/hipertracker/.nvm/versions/io.js/v1.4.3/bin/iojs" "/Users/hipertracker/.nvm/versions/io.js/v1.4.3/bin/npm" "install" "github:g00fy-/jspm-jsx-babel"
9 error node v1.4.3
10 error npm  v2.6.1
11 error Unsupported URL Type: github:g00fy-/jspm-jsx-babel
12 error If you need help, you may report this error at:
12 error     <http://github.com/npm/npm/issues>
13 verbose exit [ 1, true ]
